[19:50:34] [ServerMain/INFO]: Environment: Environment[sessionHost=https://sessionserver.mojang.com, servicesHost=https://api.minecraftservices.com, name=PROD]
[19:50:39] [ServerMain/INFO]: Loaded 1373 recipes
[19:50:39] [Server thread/INFO]: Starting minecraft server version 1.21.5
[19:50:39] [Server thread/INFO]: Loading properties
[19:50:39] [Server thread/INFO]: This server is running CraftBukkit version 4502-Spigot-270012a-e74f0d2 (MC: 1.21.5) (Implementing API version 1.21.5-R0.1-SNAPSHOT)
[19:50:40] [Server thread/INFO]: *** This version of Spigot contains changes to some enums. If you notice that plugins no longer work after updating, please report this to the developers of those plugins first. ***
[19:50:40] [Server thread/INFO]: *** If you cannot update those plugins, you can try setting `settings.compatibility.enum-compatibility-mode` to `true` in `bukkit.yml`. ***
[19:50:40] [Server thread/INFO]: Server Ping Player Sample Count: 12
[19:50:40] [Server thread/INFO]: Using 4 threads for Netty based IO
[19:50:40] [Server thread/INFO]: Debug logging is disabled
[19:50:40] [Server thread/INFO]: Default game type: SURVIVAL
[19:50:40] [Server thread/INFO]: Generating keypair
[19:50:41] [Server thread/INFO]: Starting Minecraft server on *:25565
[19:50:41] [Server thread/INFO]: Using epoll channel type
[19:50:41] [Server thread/ERROR]: Could not load 'plugins/spigot-1.21.5.jar'
org.bukkit.plugin.InvalidDescriptionException: Invalid plugin.yml
	at org.bukkit.plugin.java.JavaPluginLoader.getPluginDescription(JavaPluginLoader.java:170) ~[spigot-api-1.21.5-R0.1-SNAPSHOT.jar:?]
	at org.bukkit.plugin.SimplePluginManager.loadPlugins(SimplePluginManager.java:158) ~[spigot-api-1.21.5-R0.1-SNAPSHOT.jar:?]
	at org.bukkit.plugin.SimplePluginManager.loadPlugins(SimplePluginManager.java:122) ~[spigot-api-1.21.5-R0.1-SNAPSHOT.jar:?]
	at org.bukkit.craftbukkit.v1_21_R4.CraftServer.loadPlugins(CraftServer.java:467) ~[spigot-1.21.5-R0.1-SNAPSHOT.jar:4502-Spigot-270012a-e74f0d2]
	at net.minecraft.server.dedicated.DedicatedServer.e(DedicatedServer.java:235) ~[spigot-1.21.5-R0.1-SNAPSHOT.jar:4502-Spigot-270012a-e74f0d2]
	at net.minecraft.server.MinecraftServer.y(MinecraftServer.java:1007) ~[spigot-1.21.5-R0.1-SNAPSHOT.jar:4502-Spigot-270012a-e74f0d2]
	at net.minecraft.server.MinecraftServer.lambda$spin$0(MinecraftServer.java:325) ~[spigot-1.21.5-R0.1-SNAPSHOT.jar:4502-Spigot-270012a-e74f0d2]
	at java.base/java.lang.Thread.run(Thread.java:1583) [?:?]
Caused by: java.io.FileNotFoundException: Jar does not contain plugin.yml
	... 8 more
[19:50:41] [Server thread/ERROR]: Could not load 'plugins/WorldEdit.jar'
org.bukkit.plugin.InvalidPluginException: java.lang.NoClassDefFoundError: org/apache/logging/log4j/util/ReflectionUtil
	at org.bukkit.plugin.java.JavaPluginLoader.loadPlugin(JavaPluginLoader.java:149) ~[spigot-api-1.21.5-R0.1-SNAPSHOT.jar:?]
	at org.bukkit.plugin.SimplePluginManager.loadPlugin(SimplePluginManager.java:406) ~[spigot-api-1.21.5-R0.1-SNAPSHOT.jar:?]
	at org.bukkit.plugin.SimplePluginManager.loadPlugins(SimplePluginManager.java:313) ~[spigot-api-1.21.5-R0.1-SNAPSHOT.jar:?]
	at org.bukkit.plugin.SimplePluginManager.loadPlugins(SimplePluginManager.java:122) ~[spigot-api-1.21.5-R0.1-SNAPSHOT.jar:?]
	at org.bukkit.craftbukkit.v1_21_R4.CraftServer.loadPlugins(CraftServer.java:467) ~[spigot-1.21.5-R0.1-SNAPSHOT.jar:4502-Spigot-270012a-e74f0d2]
	at net.minecraft.server.dedicated.DedicatedServer.e(DedicatedServer.java:235) ~[spigot-1.21.5-R0.1-SNAPSHOT.jar:4502-Spigot-270012a-e74f0d2]
	at net.minecraft.server.MinecraftServer.y(MinecraftServer.java:1007) ~[spigot-1.21.5-R0.1-SNAPSHOT.jar:4502-Spigot-270012a-e74f0d2]
	at net.minecraft.server.MinecraftServer.lambda$spin$0(MinecraftServer.java:325) ~[spigot-1.21.5-R0.1-SNAPSHOT.jar:4502-Spigot-270012a-e74f0d2]
	at java.base/java.lang.Thread.run(Thread.java:1583) [?:?]
Caused by: java.lang.NoClassDefFoundError: org/apache/logging/log4j/util/ReflectionUtil
	at com.sk89q.worldedit.log4jbridge.Log4jLoggerFactory.getContext(Log4jLoggerFactory.java:42) ~[?:?]
	at org.apache.logging.log4j.spi.AbstractLoggerAdapter.getLogger(AbstractLoggerAdapter.java:46) ~[log4j-api-2.24.1.jar:2.24.1]
	at com.sk89q.worldedit.log4jbridge.Log4jLoggerFactory.getLogger(Log4jLoggerFactory.java:29) ~[?:?]
	at com.sk89q.worldedit.slf4j.LoggerFactory.getLogger(LoggerFactory.java:358) ~[?:?]
	at com.sk89q.worldedit.slf4j.LoggerFactory.getLogger(LoggerFactory.java:383) ~[?:?]
	at com.sk89q.worldedit.bukkit.WorldEditPlugin.<clinit>(WorldEditPlugin.java:98) ~[?:?]
	at java.base/java.lang.Class.forName0(Native Method) ~[?:?]
	at java.base/java.lang.Class.forName(Class.java:534) ~[?:?]
	at java.base/java.lang.Class.forName(Class.java:513) ~[?:?]
	at org.bukkit.plugin.java.PluginClassLoader.<init>(PluginClassLoader.java:68) ~[spigot-api-1.21.5-R0.1-SNAPSHOT.jar:?]
	at org.bukkit.plugin.java.JavaPluginLoader.loadPlugin(JavaPluginLoader.java:145) ~[spigot-api-1.21.5-R0.1-SNAPSHOT.jar:?]
	... 8 more
Caused by: java.lang.ClassNotFoundException: org.apache.logging.log4j.util.ReflectionUtil
	at org.bukkit.plugin.java.PluginClassLoader.loadClass0(PluginClassLoader.java:160) ~[spigot-api-1.21.5-R0.1-SNAPSHOT.jar:?]
	at org.bukkit.plugin.java.PluginClassLoader.loadClass(PluginClassLoader.java:112) ~[spigot-api-1.21.5-R0.1-SNAPSHOT.jar:?]
	at java.base/java.lang.ClassLoader.loadClass(ClassLoader.java:526) ~[?:?]
	at com.sk89q.worldedit.log4jbridge.Log4jLoggerFactory.getContext(Log4jLoggerFactory.java:42) ~[?:?]
	at org.apache.logging.log4j.spi.AbstractLoggerAdapter.getLogger(AbstractLoggerAdapter.java:46) ~[log4j-api-2.24.1.jar:2.24.1]
	at com.sk89q.worldedit.log4jbridge.Log4jLoggerFactory.getLogger(Log4jLoggerFactory.java:29) ~[?:?]
	at com.sk89q.worldedit.slf4j.LoggerFactory.getLogger(LoggerFactory.java:358) ~[?:?]
	at com.sk89q.worldedit.slf4j.LoggerFactory.getLogger(LoggerFactory.java:383) ~[?:?]
	at com.sk89q.worldedit.bukkit.WorldEditPlugin.<clinit>(WorldEditPlugin.java:98) ~[?:?]
	at java.base/java.lang.Class.forName0(Native Method) ~[?:?]
	at java.base/java.lang.Class.forName(Class.java:534) ~[?:?]
	at java.base/java.lang.Class.forName(Class.java:513) ~[?:?]
	at org.bukkit.plugin.java.PluginClassLoader.<init>(PluginClassLoader.java:68) ~[spigot-api-1.21.5-R0.1-SNAPSHOT.jar:?]
	at org.bukkit.plugin.java.JavaPluginLoader.loadPlugin(JavaPluginLoader.java:145) ~[spigot-api-1.21.5-R0.1-SNAPSHOT.jar:?]
	... 8 more
[19:50:41] [Server thread/INFO]: [Denizen] Loading 2 libraries... please wait
[19:50:42] [Server thread/INFO]: [Denizen] Loaded library /root/minecraft-server-1.21.5/libraries/org/mongodb/mongodb-driver-sync/4.8.1/mongodb-driver-sync-4.8.1.jar
[19:50:42] [Server thread/INFO]: [Denizen] Loaded library /root/minecraft-server-1.21.5/libraries/org/mongodb/bson/4.8.1/bson-4.8.1.jar
[19:50:42] [Server thread/INFO]: [Denizen] Loaded library /root/minecraft-server-1.21.5/libraries/org/mongodb/mongodb-driver-core/4.8.1/mongodb-driver-core-4.8.1.jar
[19:50:42] [Server thread/INFO]: [Denizen] Loaded library /root/minecraft-server-1.21.5/libraries/org/mongodb/bson-record-codec/4.8.1/bson-record-codec-4.8.1.jar
[19:50:42] [Server thread/INFO]: [Denizen] Loaded library /root/minecraft-server-1.21.5/libraries/redis/clients/jedis/4.3.1/jedis-4.3.1.jar
[19:50:42] [Server thread/INFO]: [Denizen] Loaded library /root/minecraft-server-1.21.5/libraries/org/slf4j/slf4j-api/1.7.36/slf4j-api-1.7.36.jar
[19:50:42] [Server thread/INFO]: [Denizen] Loaded library /root/minecraft-server-1.21.5/libraries/org/apache/commons/commons-pool2/2.11.1/commons-pool2-2.11.1.jar
[19:50:42] [Server thread/INFO]: [Denizen] Loaded library /root/minecraft-server-1.21.5/libraries/org/json/json/20220320/json-20220320.jar
[19:50:42] [Server thread/INFO]: [Denizen] Loaded library /root/minecraft-server-1.21.5/libraries/com/google/code/gson/gson/2.8.9/gson-2.8.9.jar
[19:50:42] [Server thread/ERROR]: Could not load 'plugins/WorldGuard.jar'
org.bukkit.plugin.UnknownDependencyException: Unknown dependency WorldEdit. Please download and install WorldEdit to run this plugin.
	at org.bukkit.plugin.SimplePluginManager.loadPlugins(SimplePluginManager.java:280) ~[spigot-api-1.21.5-R0.1-SNAPSHOT.jar:?]
	at org.bukkit.plugin.SimplePluginManager.loadPlugins(SimplePluginManager.java:122) ~[spigot-api-1.21.5-R0.1-SNAPSHOT.jar:?]
	at org.bukkit.craftbukkit.v1_21_R4.CraftServer.loadPlugins(CraftServer.java:467) ~[spigot-1.21.5-R0.1-SNAPSHOT.jar:4502-Spigot-270012a-e74f0d2]
	at net.minecraft.server.dedicated.DedicatedServer.e(DedicatedServer.java:235) ~[spigot-1.21.5-R0.1-SNAPSHOT.jar:4502-Spigot-270012a-e74f0d2]
	at net.minecraft.server.MinecraftServer.y(MinecraftServer.java:1007) ~[spigot-1.21.5-R0.1-SNAPSHOT.jar:4502-Spigot-270012a-e74f0d2]
	at net.minecraft.server.MinecraftServer.lambda$spin$0(MinecraftServer.java:325) ~[spigot-1.21.5-R0.1-SNAPSHOT.jar:4502-Spigot-270012a-e74f0d2]
	at java.base/java.lang.Thread.run(Thread.java:1583) [?:?]
[19:50:43] [Server thread/INFO]: [Craftconomy3] Loading Craftconomy3 v3.5.4-SNAPSHOT
[19:50:43] [Server thread/INFO]: [NoteBlockAPI] Loading NoteBlockAPI v1.2.2.1
[19:50:43] [Server thread/INFO]: [Denizen] Loading Denizen v1.3.0-SNAPSHOT (build 1803-REL)
[19:50:43] [Server thread/INFO]: [ProtocolSupport] Loading ProtocolSupport v4.29-dev
[19:50:43] [Server thread/ERROR]: [ProtocolSupport] ╔══════════════════════════════════════════════════════════════════╗
[19:50:43] [Server thread/ERROR]: [ProtocolSupport] ║                               ERROR                               
[19:50:43] [Server thread/ERROR]: [ProtocolSupport] ║   Unsupported platform or version 4502-Spigot-270012a-e74f0d2 (MC: 1.21.5)
[19:50:43] [Server thread/ERROR]: [ProtocolSupport] ║                                                                   
[19:50:43] [Server thread/ERROR]: [ProtocolSupport] ║   This version of plugin only supports                            
[19:50:43] [Server thread/ERROR]: [ProtocolSupport] ║   server minecraft version 1.15.2
[19:50:43] [Server thread/ERROR]: [ProtocolSupport] ║   and following platforms:                                        
[19:50:43] [Server thread/ERROR]: [ProtocolSupport] ║   - Spigot (https://www.spigotmc.org/)                            
[19:50:43] [Server thread/ERROR]: [ProtocolSupport] ║   - Paper (https://papermc.io/)                                   
[19:50:43] [Server thread/ERROR]: [ProtocolSupport] ║                                                                   
[19:50:43] [Server thread/ERROR]: [ProtocolSupport] ║                                                                   
[19:50:43] [Server thread/ERROR]: [ProtocolSupport] ║       https://github.com/ProtocolSupport/ProtocolSupport/         
[19:50:43] [Server thread/ERROR]: [ProtocolSupport] ╚══════════════════════════════════════════════════════════════════╝
[19:50:43] [Server thread/INFO]: [EliteMobs] Loading EliteMobs v9.4.3
[19:50:43] [Server thread/INFO]: [EliteMobs] MagmaCore v1.13-SNAPSHOT initialized!
[19:50:43] [Server thread/WARN]: [EliteMobs] Error loading WorldGuard. EliteMob-specific flags will not work. Except if you just reloaded the plugin, in which case they will totally work.
[19:50:43] [Server thread/INFO]: [mcMMO] Loading mcMMO v2.2.029-SNAPSHOT
[19:50:43] [Server thread/INFO]: [ViaVersion] Loading ViaVersion v4.10.3-SNAPSHOT
[19:50:43] [Server thread/INFO]: [ViaVersion] ViaVersion 4.10.3-SNAPSHOT is now loaded. Registering protocol transformers and injecting...
[19:50:44] [Via-Mappingloader-0/INFO]: [ViaVersion] Loading block connection mappings ...
[19:50:44] [Via-Mappingloader-0/INFO]: [ViaVersion] Using FastUtil Long2ObjectOpenHashMap for block connections
[19:50:45] [Server thread/INFO]: [GriefPrevention] Loading GriefPrevention v16.12.0-d4d7ac4
[19:50:45] [Server thread/INFO]: [ProtocolSupport] Enabling ProtocolSupport v4.29-dev
[19:50:45] [Server thread/WARN]: **** SERVER IS RUNNING IN OFFLINE/INSECURE MODE!
[19:50:45] [Server thread/WARN]: The server will make no attempt to authenticate usernames. Beware.
[19:50:45] [Server thread/WARN]: While this makes the game possible to play without internet access, it also opens up the ability for hackers to connect with any username they choose.
[19:50:45] [Server thread/WARN]: To change this, set "online-mode" to "true" in the server.properties file.
[19:50:45] [Server thread/INFO]: Preparing level "world"
[19:50:45] [Server thread/INFO]: -------- World Settings For [world] --------
[19:50:45] [Server thread/INFO]: View Distance: 10
[19:50:45] [Server thread/INFO]: Simulation Distance: 10
[19:50:45] [Server thread/INFO]: Item Despawn Rate: 6000
[19:50:45] [Server thread/INFO]: Item Merge Radius: 2.5
[19:50:45] [Server thread/INFO]: Arrow Despawn Rate: 1200 Trident Respawn Rate:1200
[19:50:45] [Server thread/INFO]: Allow Zombie Pigmen to spawn from portal blocks: true
[19:50:45] [Server thread/INFO]: Zombie Aggressive Towards Villager: true
[19:50:45] [Server thread/INFO]: Nerfing mobs spawned from spawners: false
[19:50:45] [Server thread/INFO]: Cactus Growth Modifier: 100%
[19:50:45] [Server thread/INFO]: Cane Growth Modifier: 100%
[19:50:45] [Server thread/INFO]: Melon Growth Modifier: 100%
[19:50:45] [Server thread/INFO]: Mushroom Growth Modifier: 100%
[19:50:45] [Server thread/INFO]: Pumpkin Growth Modifier: 100%
[19:50:45] [Server thread/INFO]: Sapling Growth Modifier: 100%
[19:50:45] [Server thread/INFO]: Beetroot Growth Modifier: 100%
[19:50:45] [Server thread/INFO]: Carrot Growth Modifier: 100%
[19:50:45] [Server thread/INFO]: Potato Growth Modifier: 100%
[19:50:45] [Server thread/INFO]: Wheat Growth Modifier: 100%
[19:50:45] [Server thread/INFO]: NetherWart Growth Modifier: 100%
[19:50:45] [Server thread/INFO]: Vine Growth Modifier: 100%
[19:50:45] [Server thread/INFO]: Cocoa Growth Modifier: 100%
[19:50:45] [Server thread/INFO]: Bamboo Growth Modifier: 100%
[19:50:45] [Server thread/INFO]: SweetBerry Growth Modifier: 100%
[19:50:45] [Server thread/INFO]: Kelp Growth Modifier: 100%
[19:50:45] [Server thread/INFO]: TwistingVines Growth Modifier: 100%
[19:50:45] [Server thread/INFO]: WeepingVines Growth Modifier: 100%
[19:50:45] [Server thread/INFO]: CaveVines Growth Modifier: 100%
[19:50:45] [Server thread/INFO]: Entity Activation Range: An 32 / Mo 32 / Ra 48 / Mi 16 / Tiv true / Isa false
[19:50:45] [Server thread/INFO]: Entity Tracking Range: Pl 48 / An 48 / Mo 48 / Mi 32 / Di 128 / Other 64
[19:50:45] [Server thread/INFO]: Hopper Transfer: 8 Hopper Check: 1 Hopper Amount: 1 Hopper Can Load Chunks: false
[19:50:45] [Server thread/INFO]: Experience Merge Radius: 3.0
[19:50:45] [Server thread/INFO]: Mob Spawn Range: 6
[19:50:45] [Server thread/INFO]: Custom Map Seeds:  Village: 10387312 Desert: 14357617 Igloo: 14357618 Jungle: 14357619 Swamp: 14357620 Monument: 10387313 Ocean: 14357621 Shipwreck: 165745295 End City: 10387313 Slime: 987234911 Nether: 30084232 Mansion: 10387319 Fossil: 14357921 Portal: 34222645
[19:50:45] [Server thread/INFO]: Max TNT Explosions: 100
[19:50:45] [Server thread/INFO]: Tile Max Tick Time: 50ms Entity max Tick Time: 50ms
[19:50:45] [Server thread/INFO]: -------- World Settings For [world_nether] --------
[19:50:45] [Server thread/INFO]: View Distance: 10
[19:50:45] [Server thread/INFO]: Simulation Distance: 10
[19:50:45] [Server thread/INFO]: Item Despawn Rate: 6000
[19:50:45] [Server thread/INFO]: Item Merge Radius: 2.5
[19:50:45] [Server thread/INFO]: Arrow Despawn Rate: 1200 Trident Respawn Rate:1200
[19:50:45] [Server thread/INFO]: Allow Zombie Pigmen to spawn from portal blocks: true
[19:50:45] [Server thread/INFO]: Zombie Aggressive Towards Villager: true
[19:50:45] [Server thread/INFO]: Nerfing mobs spawned from spawners: false
[19:50:45] [Server thread/INFO]: Cactus Growth Modifier: 100%
[19:50:45] [Server thread/INFO]: Cane Growth Modifier: 100%
[19:50:45] [Server thread/INFO]: Melon Growth Modifier: 100%
[19:50:45] [Server thread/INFO]: Mushroom Growth Modifier: 100%
[19:50:45] [Server thread/INFO]: Pumpkin Growth Modifier: 100%
[19:50:45] [Server thread/INFO]: Sapling Growth Modifier: 100%
[19:50:45] [Server thread/INFO]: Beetroot Growth Modifier: 100%
[19:50:45] [Server thread/INFO]: Carrot Growth Modifier: 100%
[19:50:45] [Server thread/INFO]: Potato Growth Modifier: 100%
[19:50:45] [Server thread/INFO]: Wheat Growth Modifier: 100%
[19:50:45] [Server thread/INFO]: NetherWart Growth Modifier: 100%
[19:50:45] [Server thread/INFO]: Vine Growth Modifier: 100%
[19:50:45] [Server thread/INFO]: Cocoa Growth Modifier: 100%
[19:50:45] [Server thread/INFO]: Bamboo Growth Modifier: 100%
[19:50:45] [Server thread/INFO]: SweetBerry Growth Modifier: 100%
[19:50:45] [Server thread/INFO]: Kelp Growth Modifier: 100%
[19:50:45] [Server thread/INFO]: TwistingVines Growth Modifier: 100%
[19:50:45] [Server thread/INFO]: WeepingVines Growth Modifier: 100%
[19:50:45] [Server thread/INFO]: CaveVines Growth Modifier: 100%
[19:50:45] [Server thread/INFO]: Entity Activation Range: An 32 / Mo 32 / Ra 48 / Mi 16 / Tiv true / Isa false
[19:50:45] [Server thread/INFO]: Entity Tracking Range: Pl 48 / An 48 / Mo 48 / Mi 32 / Di 128 / Other 64
[19:50:45] [Server thread/INFO]: Hopper Transfer: 8 Hopper Check: 1 Hopper Amount: 1 Hopper Can Load Chunks: false
[19:50:45] [Server thread/INFO]: Experience Merge Radius: 3.0
[19:50:45] [Server thread/INFO]: Mob Spawn Range: 6
[19:50:45] [Server thread/INFO]: Custom Map Seeds:  Village: 10387312 Desert: 14357617 Igloo: 14357618 Jungle: 14357619 Swamp: 14357620 Monument: 10387313 Ocean: 14357621 Shipwreck: 165745295 End City: 10387313 Slime: 987234911 Nether: 30084232 Mansion: 10387319 Fossil: 14357921 Portal: 34222645
[19:50:45] [Server thread/INFO]: Max TNT Explosions: 100
[19:50:45] [Server thread/INFO]: Tile Max Tick Time: 50ms Entity max Tick Time: 50ms
[19:50:45] [Server thread/INFO]: -------- World Settings For [world_the_end] --------
[19:50:45] [Server thread/INFO]: View Distance: 10
[19:50:45] [Server thread/INFO]: Simulation Distance: 10
[19:50:45] [Server thread/INFO]: Item Despawn Rate: 6000
[19:50:45] [Server thread/INFO]: Item Merge Radius: 2.5
[19:50:45] [Server thread/INFO]: Arrow Despawn Rate: 1200 Trident Respawn Rate:1200
[19:50:45] [Server thread/INFO]: Allow Zombie Pigmen to spawn from portal blocks: true
[19:50:45] [Server thread/INFO]: Zombie Aggressive Towards Villager: true
[19:50:45] [Server thread/INFO]: Nerfing mobs spawned from spawners: false
[19:50:45] [Server thread/INFO]: Cactus Growth Modifier: 100%
[19:50:45] [Server thread/INFO]: Cane Growth Modifier: 100%
[19:50:45] [Server thread/INFO]: Melon Growth Modifier: 100%
[19:50:45] [Server thread/INFO]: Mushroom Growth Modifier: 100%
[19:50:45] [Server thread/INFO]: Pumpkin Growth Modifier: 100%
[19:50:45] [Server thread/INFO]: Sapling Growth Modifier: 100%
[19:50:45] [Server thread/INFO]: Beetroot Growth Modifier: 100%
[19:50:45] [Server thread/INFO]: Carrot Growth Modifier: 100%
[19:50:45] [Server thread/INFO]: Potato Growth Modifier: 100%
[19:50:45] [Server thread/INFO]: Wheat Growth Modifier: 100%
[19:50:45] [Server thread/INFO]: NetherWart Growth Modifier: 100%
[19:50:45] [Server thread/INFO]: Vine Growth Modifier: 100%
[19:50:45] [Server thread/INFO]: Cocoa Growth Modifier: 100%
[19:50:45] [Server thread/INFO]: Bamboo Growth Modifier: 100%
[19:50:45] [Server thread/INFO]: SweetBerry Growth Modifier: 100%
[19:50:45] [Server thread/INFO]: Kelp Growth Modifier: 100%
[19:50:45] [Server thread/INFO]: TwistingVines Growth Modifier: 100%
[19:50:45] [Server thread/INFO]: WeepingVines Growth Modifier: 100%
[19:50:45] [Server thread/INFO]: CaveVines Growth Modifier: 100%
[19:50:45] [Server thread/INFO]: Entity Activation Range: An 32 / Mo 32 / Ra 48 / Mi 16 / Tiv true / Isa false
[19:50:45] [Server thread/INFO]: Entity Tracking Range: Pl 48 / An 48 / Mo 48 / Mi 32 / Di 128 / Other 64
[19:50:45] [Server thread/INFO]: Hopper Transfer: 8 Hopper Check: 1 Hopper Amount: 1 Hopper Can Load Chunks: false
[19:50:45] [Server thread/INFO]: Experience Merge Radius: 3.0
[19:50:45] [Server thread/INFO]: Mob Spawn Range: 6
[19:50:45] [Server thread/INFO]: Custom Map Seeds:  Village: 10387312 Desert: 14357617 Igloo: 14357618 Jungle: 14357619 Swamp: 14357620 Monument: 10387313 Ocean: 14357621 Shipwreck: 165745295 End City: 10387313 Slime: 987234911 Nether: 30084232 Mansion: 10387319 Fossil: 14357921 Portal: 34222645
[19:50:45] [Server thread/INFO]: Max TNT Explosions: 100
[19:50:45] [Server thread/INFO]: Tile Max Tick Time: 50ms Entity max Tick Time: 50ms
[19:50:46] [Server thread/INFO]: Preparing start region for dimension minecraft:overworld
[19:50:58] [Worker-Main-1/INFO]: Preparing spawn area: 0%
[19:50:58] [Worker-Main-1/INFO]: Preparing spawn area: 0%
[19:50:58] [Worker-Main-1/INFO]: Preparing spawn area: 0%
[19:50:58] [Worker-Main-1/INFO]: Preparing spawn area: 0%
[19:50:58] [Worker-Main-1/INFO]: Preparing spawn area: 0%
[19:50:58] [Worker-Main-1/INFO]: Preparing spawn area: 0%
[19:50:58] [Worker-Main-1/INFO]: Preparing spawn area: 0%
[19:50:58] [Worker-Main-1/INFO]: Preparing spawn area: 0%
[19:50:58] [Worker-Main-1/INFO]: Preparing spawn area: 0%
[19:50:58] [Worker-Main-1/INFO]: Preparing spawn area: 0%
[19:50:58] [Worker-Main-1/INFO]: Preparing spawn area: 0%
[19:50:58] [Worker-Main-1/INFO]: Preparing spawn area: 0%
[19:50:58] [Worker-Main-1/INFO]: Preparing spawn area: 0%
[19:50:58] [Worker-Main-1/INFO]: Preparing spawn area: 0%
[19:50:58] [Worker-Main-1/INFO]: Preparing spawn area: 0%
[19:50:58] [Worker-Main-1/INFO]: Preparing spawn area: 0%
[19:50:58] [Worker-Main-1/INFO]: Preparing spawn area: 0%
[19:50:58] [Worker-Main-1/INFO]: Preparing spawn area: 0%
[19:50:58] [Worker-Main-1/INFO]: Preparing spawn area: 0%
[19:50:58] [Worker-Main-1/INFO]: Preparing spawn area: 0%
[19:50:58] [Worker-Main-1/INFO]: Preparing spawn area: 0%
[19:50:58] [Worker-Main-1/INFO]: Preparing spawn area: 0%
[19:50:58] [Worker-Main-1/INFO]: Preparing spawn area: 0%
[19:50:58] [Worker-Main-1/INFO]: Preparing spawn area: 0%
[19:50:58] [Worker-Main-1/INFO]: Preparing spawn area: 0%
[19:50:58] [Worker-Main-1/INFO]: Preparing spawn area: 0%
[19:50:59] [Server thread/INFO]: Time elapsed: 13208 ms
[19:50:59] [Server thread/INFO]: Preparing start region for dimension minecraft:the_nether
[19:50:59] [Worker-Main-1/INFO]: Preparing spawn area: 0%
[19:50:59] [Worker-Main-1/INFO]: Preparing spawn area: 0%
[19:50:59] [Server thread/INFO]: Time elapsed: 526 ms
[19:50:59] [Server thread/INFO]: Preparing start region for dimension minecraft:the_end
[19:50:59] [Worker-Main-1/INFO]: Preparing spawn area: 0%
[19:51:00] [Server thread/INFO]: Time elapsed: 348 ms
[19:51:00] [Server thread/INFO]: [Craftconomy3] Enabling Craftconomy3 v3.5.4-SNAPSHOT
[19:51:00] [Server thread/INFO]: [Craftconomy3] Starting up!
[19:51:00] [Server thread/INFO]: [Craftconomy3] Loading the Configuration
[19:51:00] [Server thread/INFO]: [Craftconomy3] Loading listeners.
[19:51:00] [Server thread/INFO]: [Craftconomy3] Loading commands
[19:51:00] [Server thread/WARN]: [Craftconomy3] Loading Craftconomy in setup mode. Please type /ccsetup to start the setup.
[19:51:00] [Server thread/INFO]: [NoteBlockAPI] Enabling NoteBlockAPI v1.2.2.1
[19:51:00] [Server thread/INFO]: [Denizen] Enabling Denizen v1.3.0-SNAPSHOT (build 1803-REL)
[19:51:00] [Server thread/ERROR]: Error occurred while enabling Denizen v1.3.0-SNAPSHOT (build 1803-REL) (Is it up to date?)
java.lang.NoSuchMethodError: net.md_5.bungee.chat.TextComponentSerializer: method 'void <init>()' not found
	at com.denizenscript.denizen.utilities.FormattedTextHelper.<clinit>(FormattedTextHelper.java:865) ~[?:?]
	at com.denizenscript.denizen.utilities.PaperAPITools.sendConsoleMessage(PaperAPITools.java:107) ~[?:?]
	at com.denizenscript.denizen.utilities.debugging.DebugConsoleSender.sendMessage(DebugConsoleSender.java:22) ~[?:?]
	at com.denizenscript.denizen.utilities.implementation.DenizenCoreImplementation.doFinalDebugOutput(DenizenCoreImplementation.java:395) ~[?:?]
	at com.denizenscript.denizencore.utilities.debugging.DebugInternals.internalFinalOutputPath(DebugInternals.java:413) ~[?:?]
	at com.denizenscript.denizencore.utilities.debugging.DebugInternals.finalOutputDebugText(DebugInternals.java:357) ~[?:?]
	at com.denizenscript.denizencore.utilities.debugging.DebugInternals.logInternal(DebugInternals.java:464) ~[?:?]
	at com.denizenscript.denizencore.utilities.debugging.Debug.lambda$log$6(Debug.java:165) ~[?:?]
	at com.denizenscript.denizencore.DenizenCore.runOnMainThread(DenizenCore.java:257) ~[?:?]
	at com.denizenscript.denizencore.utilities.debugging.Debug.log(Debug.java:165) ~[?:?]
	at com.denizenscript.denizencore.DenizenCore.init(DenizenCore.java:138) ~[?:?]
	at com.denizenscript.denizen.Denizen.onEnable(Denizen.java:122) ~[?:?]
	at org.bukkit.plugin.java.JavaPlugin.setEnabled(JavaPlugin.java:267) ~[spigot-api-1.21.5-R0.1-SNAPSHOT.jar:?]
	at org.bukkit.plugin.java.JavaPluginLoader.enablePlugin(JavaPluginLoader.java:342) ~[spigot-api-1.21.5-R0.1-SNAPSHOT.jar:?]
	at org.bukkit.plugin.SimplePluginManager.enablePlugin(SimplePluginManager.java:492) ~[spigot-api-1.21.5-R0.1-SNAPSHOT.jar:?]
	at org.bukkit.craftbukkit.v1_21_R4.CraftServer.enablePlugin(CraftServer.java:578) ~[spigot-1.21.5-R0.1-SNAPSHOT.jar:4502-Spigot-270012a-e74f0d2]
	at org.bukkit.craftbukkit.v1_21_R4.CraftServer.enablePlugins(CraftServer.java:492) ~[spigot-1.21.5-R0.1-SNAPSHOT.jar:4502-Spigot-270012a-e74f0d2]
	at net.minecraft.server.MinecraftServer.loadWorld0(MinecraftServer.java:652) ~[spigot-1.21.5-R0.1-SNAPSHOT.jar:4502-Spigot-270012a-e74f0d2]
	at net.minecraft.server.MinecraftServer.loadLevel(MinecraftServer.java:437) ~[spigot-1.21.5-R0.1-SNAPSHOT.jar:4502-Spigot-270012a-e74f0d2]
	at net.minecraft.server.dedicated.DedicatedServer.e(DedicatedServer.java:268) ~[spigot-1.21.5-R0.1-SNAPSHOT.jar:4502-Spigot-270012a-e74f0d2]
	at net.minecraft.server.MinecraftServer.y(MinecraftServer.java:1007) ~[spigot-1.21.5-R0.1-SNAPSHOT.jar:4502-Spigot-270012a-e74f0d2]
	at net.minecraft.server.MinecraftServer.lambda$spin$0(MinecraftServer.java:325) ~[spigot-1.21.5-R0.1-SNAPSHOT.jar:4502-Spigot-270012a-e74f0d2]
	at java.base/java.lang.Thread.run(Thread.java:1583) [?:?]
[19:51:00] [Server thread/INFO]: [EliteMobs] Enabling EliteMobs v9.4.3
[19:51:00] [Server thread/INFO]:  _____ _     _____ _____ ________  ______________  _____
[19:51:00] [Server thread/INFO]: |  ___| |   |_   _|_   _|  ___|  \/  |  _  | ___ \/  ___|
[19:51:00] [Server thread/INFO]: | |__ | |     | |   | | | |__ | .  . | | | | |_/ /\ `--.
[19:51:00] [Server thread/INFO]: |  __|| |     | |   | | |  __|| |\/| | | | | ___ \ `--. \
[19:51:00] [Server thread/INFO]: | |___| |_____| |_  | | | |___| |  | \ \_/ / |_/ //\__/ /
[19:51:00] [Server thread/INFO]: \____/\_____/\___/  \_/ \____/\_|  |_/\___/\____/ \____/
[19:51:00] [Server thread/INFO]: By MagmaGuy - v. 9.4.3
[19:51:00] [Server thread/INFO]: [EliteMobs] Supported server version detected: v1_21_R4
[19:51:00] [Server thread/INFO]: Reflections took 133 ms to scan 82 urls, producing 0 keys and 0 values
[19:51:02] [Server thread/INFO]: Reflections took 87 ms to scan 1 urls, producing 1 keys and 60 values
[19:51:02] [Server thread/INFO]: Reflections took 28 ms to scan 1 urls, producing 1 keys and 16 values
[19:51:03] [Server thread/INFO]: Environment: Environment[sessionHost=https://sessionserver.mojang.com, servicesHost=https://api.minecraftservices.com, name=PROD]
[19:51:08] [Server thread/INFO]: Reflections took 24 ms to scan 1 urls, producing 1 keys and 71 values
[19:51:08] [Server thread/INFO]: Reflections took 59 ms to scan 1 urls, producing 10 keys and 219 values
[19:51:09] [Server thread/INFO]: Reflections took 8 ms to scan 1 urls, producing 1 keys and 15 values
[19:51:09] [Server thread/INFO]: [EliteMobs] WorldGuard compatibility is not enabled!
[19:51:09] [Server thread/INFO]: [EliteMobs] Opened database successfully
[19:51:09] [Server thread/INFO]: Reflections took 20 ms to scan 1 urls, producing 1 keys and 116 values
[19:51:11] [Server thread/INFO]: Reflections took 14 ms to scan 1 urls, producing 1 keys and 72 values
[19:51:11] [Server thread/WARN]: [EliteMobs] File  /root/minecraft-server-1.21.5/./em_primis_wormhole does not exist!
[19:51:11] [Server thread/WARN]: [EliteMobs] File  /root/minecraft-server-1.21.5/./em_oasis_wormhole does not exist!
[19:51:11] [Server thread/INFO]: Reflections took 14 ms to scan 1 urls, producing 1 keys and 134 values
[19:51:12] [Server thread/INFO]: Reflections took 3 ms to scan 1 urls, producing 1 keys and 1 values
[19:51:12] [Server thread/INFO]: Reflections took 5 ms to scan 1 urls, producing 1 keys and 33 values
[19:51:12] [Server thread/INFO]: Reflections took 4 ms to scan 1 urls, producing 1 keys and 23 values
[19:51:12] [Server thread/INFO]: Reflections took 4 ms to scan 1 urls, producing 1 keys and 1 values
[19:51:12] [Server thread/INFO]: Reflections took 4 ms to scan 1 urls, producing 1 keys and 8 values
[19:51:12] [Server thread/INFO]: Reflections took 2 ms to scan 1 urls, producing 1 keys and 4 values
[19:51:12] [Server thread/INFO]: [mcMMO] Enabling mcMMO v2.2.029-SNAPSHOT
[19:51:13] [Server thread/INFO]: [mcMMO] Loaded 220 Alchemy potions, skipped 0.
[19:51:15] [Server thread/INFO]: [ViaVersion] Enabling ViaVersion v4.10.3-SNAPSHOT
[19:51:15] [Server thread/INFO]: [ViaVersion] ViaVersion detected server version: Unknown (770) (770)
[19:51:15] [Server thread/WARN]: [ViaVersion] ViaVersion does not have any compatible versions for this server version!
[19:51:15] [Server thread/WARN]: [ViaVersion] Please remember that ViaVersion only adds support for versions newer than the server version.
[19:51:15] [Server thread/WARN]: [ViaVersion] If you need support for older versions you may need to use one or more ViaVersion addons too.
[19:51:15] [Server thread/WARN]: [ViaVersion] In that case please read the ViaVersion resource page carefully or use https://viaversion.com/setup
[19:51:15] [Server thread/WARN]: [ViaVersion] and if you're still unsure, feel free to join our Discord-Server for further assistance.
[19:51:15] [Server thread/INFO]: [ViaVersion] Registering ProtocolSupport compat connection listener
[19:51:15] [Server thread/INFO]: [GriefPrevention] Enabling GriefPrevention v16.12.0-d4d7ac4
[19:51:15] [Server thread/INFO]: [GriefPrevention] Finished loading configuration.
[19:51:15] [Server thread/INFO]: [GriefPrevention] 4 total claims loaded.
[19:51:15] [Server thread/INFO]: [GriefPrevention] Customizable messages loaded.
[19:51:15] [Server thread/INFO]: [GriefPrevention] Finished loading data (File Mode).
[19:51:15] [Server thread/INFO]: [GriefPrevention] Boot finished.
[19:51:16] [Server thread/INFO]: Server permissions file permissions.yml is empty, ignoring it
[19:51:16] [Server thread/INFO]: Done (31.055s)! For help, type "help"
[19:51:16] [Craft Scheduler Thread - 5/INFO]: [ViaVersion] Finished mapping loading, shutting down loader executor!
[19:51:16] [Server thread/WARN]: [ViaVersion] There is a newer plugin version available: 5.4.0, you're on: 4.10.3-SNAPSHOT
[19:51:16] [Craft Scheduler Thread - 1/INFO]: [EliteMobs] Latest public release is 9.4.3
[19:51:16] [Craft Scheduler Thread - 1/INFO]: [EliteMobs] Your version is 9.4.3
[19:51:16] [Craft Scheduler Thread - 1/INFO]: [EliteMobs] You are running the latest version!
[19:51:26] [Server thread/WARN]: [NoteBlockAPI] Task #3 for NoteBlockAPI v1.2.2.1 generated an exception
java.lang.StringIndexOutOfBoundsException: Range [0, -1) out of bounds for length 5
	at java.base/jdk.internal.util.Preconditions$1.apply(Preconditions.java:55) ~[?:?]
	at java.base/jdk.internal.util.Preconditions$1.apply(Preconditions.java:52) ~[?:?]
	at java.base/jdk.internal.util.Preconditions$4.apply(Preconditions.java:213) ~[?:?]
	at java.base/jdk.internal.util.Preconditions$4.apply(Preconditions.java:210) ~[?:?]
	at java.base/jdk.internal.util.Preconditions.outOfBounds(Preconditions.java:98) ~[?:?]
	at java.base/jdk.internal.util.Preconditions.outOfBoundsCheckFromToIndex(Preconditions.java:112) ~[?:?]
	at java.base/jdk.internal.util.Preconditions.checkFromToIndex(Preconditions.java:349) ~[?:?]
	at java.base/java.lang.String.checkBoundsBeginEnd(String.java:4865) ~[?:?]
	at java.base/java.lang.String.substring(String.java:2834) ~[?:?]
	at com.xxmicloxx.NoteBlockAPI.utils.Updater.checkUpdate(Updater.java:18) ~[?:?]
	at com.xxmicloxx.NoteBlockAPI.NoteBlockAPI$2.run(NoteBlockAPI.java:151) ~[?:?]
	at org.bukkit.craftbukkit.v1_21_R4.scheduler.CraftTask.run(CraftTask.java:82) ~[spigot-1.21.5-R0.1-SNAPSHOT.jar:4502-Spigot-270012a-e74f0d2]
	at org.bukkit.craftbukkit.v1_21_R4.scheduler.CraftScheduler.mainThreadHeartbeat(CraftScheduler.java:415) ~[spigot-1.21.5-R0.1-SNAPSHOT.jar:4502-Spigot-270012a-e74f0d2]
	at net.minecraft.server.MinecraftServer.c(MinecraftServer.java:1473) ~[spigot-1.21.5-R0.1-SNAPSHOT.jar:4502-Spigot-270012a-e74f0d2]
	at net.minecraft.server.MinecraftServer.a(MinecraftServer.java:1362) ~[spigot-1.21.5-R0.1-SNAPSHOT.jar:4502-Spigot-270012a-e74f0d2]
	at net.minecraft.server.MinecraftServer.y(MinecraftServer.java:1068) ~[spigot-1.21.5-R0.1-SNAPSHOT.jar:4502-Spigot-270012a-e74f0d2]
	at net.minecraft.server.MinecraftServer.lambda$spin$0(MinecraftServer.java:325) ~[spigot-1.21.5-R0.1-SNAPSHOT.jar:4502-Spigot-270012a-e74f0d2]
	at java.base/java.lang.Thread.run(Thread.java:1583) [?:?]
[19:52:16] [Server thread/INFO]: Server empty for 60 seconds, pausing
[19:54:16] [Server thread/INFO]: [GriefPrevention]  yaco's new player claim expired.
[19:58:24] [User Authenticator #1/INFO]: UUID of player alvaromoca is 4044c98e-9121-3ed7-bcec-2d9d75593d30
[19:58:26] [Server thread/INFO]: alvaromoca joined the game
[19:58:26] [Server thread/INFO]: alvaromoca[/38.250.158.133:19880] logged in with entity id 81 at ([world]246.80650321691462, 64.0, -444.5815833516385)
[19:58:28] [Craft Scheduler Thread - 7/INFO]: [EliteMobs] User 4044c98e-9121-3ed7-bcec-2d9d75593d30 data successfully read!
[19:58:30] [Server thread/WARN]: Can't keep up! Is the server overloaded? Running 2896ms or 57 ticks behind
[19:58:52] [Server thread/WARN]: alvaromoca moved too quickly! -4.280664597135626,2.9215999984741217,-11.039815287675083
[19:58:56] [Server thread/INFO]: alvaromoca lost connection: Disconnected
[19:58:56] [Server thread/INFO]: alvaromoca left the game
[19:58:57] [Server thread/WARN]: Can't keep up! Is the server overloaded? Running 11965ms or 239 ticks behind
[19:59:31] [Thread-1/INFO]: Stopping server
[19:59:31] [Thread-1/INFO]: [GriefPrevention] Disabling GriefPrevention v16.12.0-d4d7ac4
[19:59:31] [Thread-1/INFO]: [GriefPrevention] GriefPrevention disabled.
