02:19 alvaromoca      :  placed a sign @ world: x316, z-417
  s
02:19 alvaromoca      :  placed a sign @ world: x316, z-417
  a
02:19 alvaromoca      :  placed a sign @ world: x320, z-418
  dddddd
02:19 alvaromoca      :  placed a sign @ world: x321, z-418
  a
02:20 alvaromoca      :  placed a sign @ world: x321, z-418
  s
22:20 alvaromoca      : aun quieres armadura?
22:21 lahermanadejairo: dame armadura pe}
22:22 lahermanadejairo: mira
22:23 alvaromoca      : a chispas encontraste una mina
22:23 alvaromoca      : a bueno, cuidado con las arañas
22:23 lahermanadejairo: tengo el nivel 100 de mina
22:23 alvaromoca      : te da mas cosas al minar
22:24 lahermanadejairo: oe mira
22:24 alvaromoca      : toma esto
22:24 lahermanadejairo: mira
22:25 alvaromoca      : hay un generador de arañas cuidado
22:26 alvaromoca      : safo un toque
22:26 alvaromoca      : aqui tnego cosas
22:26 alvaromoca      : toma
22:36 lahermanadejairo placed suspicious WATER_BUCKET @ world: x380, z232
22:38 lahermanadejairo placed suspicious WATER_BUCKET @ world: x380, z229
22:38 lahermanadejairo placed suspicious WATER_BUCKET @ world: x375, z226
22:38 lahermanadejairo placed suspicious WATER_BUCKET @ world: x375, z223
22:58 lahermanadejairo: eweeew
