20:01 yaco      : q lag
20:01 lahermanadejairo: mano
20:01 yaco            : q
20:01 lahermanadejairo: mi chosa
20:02 lahermanadejairo: tomas
20:02 lahermanadejairo: toma}
20:02 lahermanadejairo: hay ta tu camas
20:03 yaco            : 1
20:03 lahermanadejairo: mira oe
20:03 yaco            : aver
20:03 lahermanadejairo: pa arriba
20:03 yaco            : a
20:04 yaco            : tmr necesito molde
20:04 lahermanadejairo: de¿
20:04 yaco            : de armadura
20:04 yaco            : tantos?
20:06 lahermanadejairo: oe ven a mi casa
20:06 yaco            : espera
20:07 lahermanadejairo: oe no agarres
20:10 lahermanadejairo: dame mis cosas oe
20:10 yaco            : a
20:17 lahermanadejairo: ttt
20:55 RiddlesMC placed suspicious WATER_BUCKET @ world: x242, z-478
